<?xml version="1.0" encoding="utf-8"?>
<TestRun id="45784594-fc4f-48d8-9ecf-73d6b4f462c0" name="SamiyaJabbar@SAMIYA-JABBAR 2023-04-10 00:46:33" runUser="SAMIYA-JABBAR\SamiyaJabbar" xmlns="http://microsoft.com/schemas/VisualStudio/TeamTest/2010">
  <Times creation="2023-04-10T00:46:33.5192496+05:00" queuing="2023-04-10T00:46:33.5192496+05:00" start="2023-04-10T00:46:27.7541140+05:00" finish="2023-04-10T00:46:38.2875176+05:00" />
  <TestSettings name="default" id="5ee54ee6-6060-496c-9c63-722092b41f3e">
    <Deployment runDeploymentRoot="SamiyaJabbar_SAMIYA-JABBAR_2023-04-10_00_46_33" />
  </TestSettings>
  <Results>
    <UnitTestResult executionId="79eb22ca-e596-44ec-81ac-a9094cd1dcc8" testId="ede5592d-3016-5773-84b9-392e1c04f523" testName="LoginWithInValidUserPass (https://adactinhotelapp.com/,jabbasam,12345678)" computerName="SAMIYA-JABBAR" duration="00:00:04.5818964" startTime="2023-04-10T00:46:33.5042899+05:00" endTime="2023-04-10T00:46:38.0874180+05:00" testType="13cdc9d9-ddb5-4fa4-a97d-d965ccfc6d4b" outcome="Passed" testListId="8c84fa94-04c1-424b-9868-57a2d4851a1d" relativeResultsDirectory="79eb22ca-e596-44ec-81ac-a9094cd1dcc8" />
    <UnitTestResult executionId="42cc506c-b90f-4c47-a4c9-3cdf9a8c320a" testId="c956a2cc-9d90-eb17-88c9-e5da05b3a6b3" testName="LoginWithValidUserPass (https://adactinhotelapp.com/,jabbasam,123456)" computerName="SAMIYA-JABBAR" duration="00:00:04.9341380" startTime="2023-04-10T00:46:28.4326829+05:00" endTime="2023-04-10T00:46:33.4693827+05:00" testType="13cdc9d9-ddb5-4fa4-a97d-d965ccfc6d4b" outcome="Passed" testListId="8c84fa94-04c1-424b-9868-57a2d4851a1d" relativeResultsDirectory="42cc506c-b90f-4c47-a4c9-3cdf9a8c320a" />
  </Results>
  <TestDefinitions>
    <UnitTest name="LoginWithValidUserPass (https://adactinhotelapp.com/,jabbasam,123456)" storage="d:\educationalstuff\allcourses\sqabootcamp\automation\seleniummstestreport\bin\debug\seleniummstestreport.dll" id="c956a2cc-9d90-eb17-88c9-e5da05b3a6b3">
      <Execution id="42cc506c-b90f-4c47-a4c9-3cdf9a8c320a" />
      <TestMethod codeBase="D:\EducationalStuff\AllCourses\SQABootCamp\Automation\SeleniumMSTestReport\bin\Debug\SeleniumMSTestReport.dll" adapterTypeName="executor://mstestadapter/v2" className="SeleniumMSTestReport.ExecutionClass" name="LoginWithValidUserPass" />
    </UnitTest>
    <UnitTest name="LoginWithInValidUserPass (https://adactinhotelapp.com/,jabbasam,12345678)" storage="d:\educationalstuff\allcourses\sqabootcamp\automation\seleniummstestreport\bin\debug\seleniummstestreport.dll" id="ede5592d-3016-5773-84b9-392e1c04f523">
      <Execution id="79eb22ca-e596-44ec-81ac-a9094cd1dcc8" />
      <TestMethod codeBase="D:\EducationalStuff\AllCourses\SQABootCamp\Automation\SeleniumMSTestReport\bin\Debug\SeleniumMSTestReport.dll" adapterTypeName="executor://mstestadapter/v2" className="SeleniumMSTestReport.ExecutionClass" name="LoginWithInValidUserPass" />
    </UnitTest>
  </TestDefinitions>
  <TestEntries>
    <TestEntry testId="ede5592d-3016-5773-84b9-392e1c04f523" executionId="79eb22ca-e596-44ec-81ac-a9094cd1dcc8" testListId="8c84fa94-04c1-424b-9868-57a2d4851a1d" />
    <TestEntry testId="c956a2cc-9d90-eb17-88c9-e5da05b3a6b3" executionId="42cc506c-b90f-4c47-a4c9-3cdf9a8c320a" testListId="8c84fa94-04c1-424b-9868-57a2d4851a1d" />
  </TestEntries>
  <TestLists>
    <TestList name="Results Not in a List" id="8c84fa94-04c1-424b-9868-57a2d4851a1d" />
    <TestList name="All Loaded Results" id="19431567-8539-422a-85d7-44ee4e166bda" />
  </TestLists>
  <ResultSummary outcome="Completed">
    <Counters total="2" executed="2" passed="2" failed="0" error="0" timeout="0" aborted="0" inconclusive="0" passedButRunAborted="0" notRunnable="0" notExecuted="0" disconnected="0" warning="0" completed="0" inProgress="0" pending="0" />
  </ResultSummary>
</TestRun>